  lamp.cpp
  main.cpp
C:\Users\HP\source\repos\КСР\main.cpp(252,23): warning C4018: <: несоответствие типов со знаком и без знака
C:\Users\HP\source\repos\КСР\main.cpp(256,23): warning C4018: <: несоответствие типов со знаком и без знака
C:\Users\HP\source\repos\КСР\main.cpp(260,23): warning C4018: <: несоответствие типов со знаком и без знака
C:\Users\HP\source\repos\КСР\main.cpp(264,23): warning C4018: <: несоответствие типов со знаком и без знака
C:\Users\HP\source\repos\КСР\main.cpp(268,23): warning C4018: <: несоответствие типов со знаком и без знака
C:\Users\HP\source\repos\КСР\main.cpp(272,23): warning C4018: <: несоответствие типов со знаком и без знака
C:\Users\HP\source\repos\КСР\main.cpp(276,23): warning C4018: <: несоответствие типов со знаком и без знака
C:\Users\HP\source\repos\КСР\main.cpp(280,23): warning C4018: <: несоответствие типов со знаком и без знака
C:\Users\HP\source\repos\КСР\main.cpp(284,23): warning C4018: <: несоответствие типов со знаком и без знака
C:\Users\HP\source\repos\КСР\main.cpp(288,23): warning C4018: <: несоответствие типов со знаком и без знака
C:\Users\HP\source\repos\КСР\main.cpp(292,23): warning C4018: <: несоответствие типов со знаком и без знака
  room.cpp
C:\Users\HP\source\repos\КСР\room.cpp(81,68): warning C4305: инициализация: усечение из "double" в "float"
C:\Users\HP\source\repos\КСР\room.cpp(82,68): warning C4305: инициализация: усечение из "double" в "float"
C:\Users\HP\source\repos\КСР\room.cpp(83,68): warning C4305: инициализация: усечение из "double" в "float"
C:\Users\HP\source\repos\КСР\room.cpp(84,68): warning C4305: инициализация: усечение из "double" в "float"
C:\Users\HP\source\repos\КСР\room.cpp(85,68): warning C4305: инициализация: усечение из "double" в "float"
C:\Users\HP\source\repos\КСР\room.cpp(86,68): warning C4305: инициализация: усечение из "double" в "float"
C:\Users\HP\source\repos\КСР\room.cpp(87,68): warning C4305: инициализация: усечение из "double" в "float"
C:\Users\HP\source\repos\КСР\room.cpp(88,68): warning C4305: инициализация: усечение из "double" в "float"
C:\Users\HP\source\repos\КСР\room.cpp(115,23): warning C4018: <: несоответствие типов со знаком и без знака
C:\Users\HP\source\repos\КСР\room.cpp(117,30): warning C4244: =: преобразование "float" в "int", возможна потеря данных
C:\Users\HP\source\repos\КСР\room.cpp(118,30): warning C4244: =: преобразование "float" в "int", возможна потеря данных
  Создание кода
  Previous IPDB not found, fall back to full compilation.
C:\Users\HP\source\repos\КСР\room.cpp(106): warning C4715: Room::mu: значение возвращается не при всех путях выполнения
  All 315 functions were compiled because no usable IPDB/IOBJ from previous compilation was found.
  Создание кода завершено
  КСР.vcxproj -> C:\Users\HP\source\repos\КСР\Release\КСР.exe
